app/build/intermediates/manifest_merge_blame_file/debug/manifest-merger-blame-debug-report.txt
1<?xml version="1.0" encoding="utf-8"?>
2<manifest xmlns:android="http://schemas.android.com/apk/res/android"
3    package="com.example.musicmasher"
4    android:versionCode="1"
5    android:versionName="1.0" >
6
7    <uses-sdk
8        android:minSdkVersion="21"
8-->src/main/AndroidManifest.xml
9        android:targetSdkVersion="31" />
9-->src/main/AndroidManifest.xml
10
11    <application
11-->src/main/AndroidManifest.xml:5:5-42:19
12        android:allowBackup="true"
12-->src/main/AndroidManifest.xml:6:9-35
13        android:appComponentFactory="androidx.core.app.CoreComponentFactory"
13-->[androidx.core:core:1.3.1] AndroidManifest.xml:24:18-86
14        android:debuggable="true"
15        android:icon="@mipmap/ic_launcher"
15-->src/main/AndroidManifest.xml:7:9-43
16        android:label="@string/app_name"
16-->src/main/AndroidManifest.xml:8:9-41
17        android:roundIcon="@mipmap/ic_launcher_round"
17-->src/main/AndroidManifest.xml:9:9-54
18        android:supportsRtl="true"
18-->src/main/AndroidManifest.xml:10:9-35
19        android:testOnly="true"
20        android:theme="@style/Theme.MusicMasher" >
20-->src/main/AndroidManifest.xml:11:9-49
21        <activity
21-->src/main/AndroidManifest.xml:12:9-17:20
22            android:name="com.example.musicmasher.MoodFinder"
22-->src/main/AndroidManifest.xml:13:13-39
23            android:exported="true"
23-->src/main/AndroidManifest.xml:14:13-36
24            android:label="@string/app_name"
24-->src/main/AndroidManifest.xml:15:13-45
25            android:theme="@style/Theme.MusicMasher.NoActionBar" >
25-->src/main/AndroidManifest.xml:16:13-65
26        </activity>
27        <activity
27-->src/main/AndroidManifest.xml:18:9-27:20
28            android:name="com.example.musicmasher.PFPActivity"
28-->src/main/AndroidManifest.xml:19:13-40
29            android:exported="true"
29-->src/main/AndroidManifest.xml:20:13-36
30            android:label="@string/app_name"
30-->src/main/AndroidManifest.xml:21:13-45
31            android:theme="@style/Theme.MusicMasher.NoActionBar" >
31-->src/main/AndroidManifest.xml:22:13-65
32            <intent-filter>
32-->src/main/AndroidManifest.xml:23:13-26:29
33                <action android:name="android.intent.action.MAIN" />
33-->src/main/AndroidManifest.xml:24:17-69
33-->src/main/AndroidManifest.xml:24:25-66
34
35                <category android:name="android.intent.category.LAUNCHER" />
35-->src/main/AndroidManifest.xml:25:17-77
35-->src/main/AndroidManifest.xml:25:27-74
36            </intent-filter>
37        </activity>
38        <activity
38-->src/main/AndroidManifest.xml:28:9-33:20
39            android:name="com.example.musicmasher.Mash"
39-->src/main/AndroidManifest.xml:29:13-33
40            android:exported="true"
40-->src/main/AndroidManifest.xml:30:13-36
41            android:label="Masher"
41-->src/main/AndroidManifest.xml:31:13-35
42            android:theme="@style/Theme.MusicMasher.NoActionBar" >
42-->src/main/AndroidManifest.xml:32:13-65
43        </activity>
44        <activity
44-->src/main/AndroidManifest.xml:35:9-40:20
45            android:name="com.example.musicmasher.ListeningHistory"
45-->src/main/AndroidManifest.xml:36:13-45
46            android:exported="true"
46-->src/main/AndroidManifest.xml:37:13-36
47            android:label="@string/app_name"
47-->src/main/AndroidManifest.xml:38:13-45
48            android:theme="@style/Theme.MusicMasher.NoActionBar" >
48-->src/main/AndroidManifest.xml:39:13-65
49        </activity>
50    </application>
51
52</manifest>